{"level":"info","message":"✅ Firebase Admin SDK initialized successfully.","timestamp":"2025-03-21T10:31:51.433Z"}
{"level":"info","message":"✅ Firebase Admin SDK initialized successfully.","timestamp":"2025-03-21T12:09:18.630Z"}
{"level":"info","message":"✅ Firebase Admin SDK initialized successfully.","timestamp":"2025-03-21T15:09:50.799Z"}
{"level":"info","message":"✅ Firebase Admin SDK initialized successfully.","timestamp":"2025-03-21T15:10:05.554Z"}
{"level":"info","message":"✅ Firebase Admin SDK initialized successfully.","timestamp":"2025-03-21T15:10:20.717Z"}
{"level":"info","message":"✅ Firebase Admin SDK initialized successfully.","timestamp":"2025-03-21T15:33:41.686Z"}
{"level":"info","message":"✅ Firebase Admin SDK initialized successfully.","timestamp":"2025-03-21T17:10:59.189Z"}
{"level":"info","message":"✅ Firebase Admin SDK initialized successfully.","timestamp":"2025-03-21T17:11:16.997Z"}
{"level":"info","message":"✅ Firebase Admin SDK initialized successfully.","timestamp":"2025-03-21T17:11:51.574Z"}
{"level":"info","message":"✅ Firebase Admin SDK initialized successfully.","timestamp":"2025-03-21T17:12:04.424Z"}
{"level":"info","message":"New user created with UID: WQswcrPe5NP8SWMMyBmmh2oPKNm2","timestamp":"2025-03-21T17:25:41.002Z"}
{"level":"error","message":"Authentication error: E11000 duplicate key error collection: yourdbname.users index: email_1 dup key: { email: \"maheshchitkoti@gmail.com\" }","timestamp":"2025-03-21T17:25:41.033Z"}
{"level":"info","message":"✅ Firebase Admin SDK initialized successfully.","timestamp":"2025-03-21T19:28:42.299Z"}
{"level":"info","message":"✅ Firebase Admin SDK initialized successfully.","timestamp":"2025-03-21T19:34:53.736Z"}
{"level":"info","message":"✅ Firebase Admin SDK initialized successfully.","timestamp":"2025-03-21T19:35:20.371Z"}
{"level":"info","message":"✅ Firebase Admin SDK initialized successfully.","timestamp":"2025-03-21T19:37:43.025Z"}
{"level":"info","message":"✅ Firebase Admin SDK initialized successfully.","timestamp":"2025-03-21T19:38:23.352Z"}
{"level":"info","message":"✅ Firebase Admin SDK initialized successfully.","timestamp":"2025-03-21T19:41:23.612Z"}
{"level":"info","message":"✅ Firebase Admin SDK initialized successfully.","timestamp":"2025-03-21T21:35:05.160Z"}
{"level":"info","message":"✅ Firebase Admin SDK initialized successfully.","timestamp":"2025-03-21T21:35:17.468Z"}
{"level":"info","message":"✅ Firebase Admin SDK initialized successfully.","timestamp":"2025-03-21T22:27:46.296Z"}
{"level":"info","message":"✅ Firebase Admin SDK initialized successfully.","timestamp":"2025-03-21T22:32:32.996Z"}
{"level":"info","message":"✅ Firebase Admin SDK initialized successfully.","timestamp":"2025-03-21T22:32:39.574Z"}
{"level":"info","message":"✅ Firebase Admin SDK initialized successfully.","timestamp":"2025-03-21T23:15:31.970Z"}
{"level":"info","message":"✅ Firebase Admin SDK initialized successfully.","timestamp":"2025-03-21T23:15:43.935Z"}
{"level":"info","message":"✅ Firebase Admin SDK initialized successfully.","timestamp":"2025-03-21T23:28:40.034Z"}
{"level":"info","message":"✅ Firebase Admin SDK initialized successfully.","timestamp":"2025-03-21T23:29:00.369Z"}
{"level":"info","message":"✅ Firebase Admin SDK initialized successfully.","timestamp":"2025-03-21T23:42:24.566Z"}
{"level":"info","message":"✅ Firebase Admin SDK initialized successfully.","timestamp":"2025-03-21T23:42:33.317Z"}
{"level":"info","message":"✅ Firebase Admin SDK initialized successfully.","timestamp":"2025-03-21T23:42:36.371Z"}
{"level":"info","message":"✅ Firebase Admin SDK initialized successfully.","timestamp":"2025-03-21T23:45:26.941Z"}
{"level":"info","message":"✅ Firebase Admin SDK initialized successfully.","timestamp":"2025-03-22T07:44:19.120Z"}
{"level":"info","message":"✅ Firebase Admin SDK initialized successfully.","timestamp":"2025-03-22T20:32:43.495Z"}
{"level":"info","message":"✅ Firebase Admin SDK initialized successfully.","timestamp":"2025-03-22T20:34:04.452Z"}
{"level":"error","message":"Authentication error: Decoding Firebase ID token failed. Make sure you passed the entire string JWT which represents an ID token. See https://firebase.google.com/docs/auth/admin/verify-id-tokens for details on how to retrieve an ID token.","timestamp":"2025-03-22T20:37:48.468Z"}
{"level":"info","message":"✅ Firebase Admin SDK initialized successfully.","timestamp":"2025-03-22T21:55:15.038Z"}
{"level":"error","message":"Authentication error: Firebase ID token has expired. Get a fresh ID token from your client app and try again (auth/id-token-expired). See https://firebase.google.com/docs/auth/admin/verify-id-tokens for details on how to retrieve an ID token.","timestamp":"2025-03-23T20:19:02.443Z"}
{"level":"error","message":"Authentication error: Firebase ID token has expired. Get a fresh ID token from your client app and try again (auth/id-token-expired). See https://firebase.google.com/docs/auth/admin/verify-id-tokens for details on how to retrieve an ID token.","timestamp":"2025-03-23T20:19:02.579Z"}
{"level":"error","message":"Authentication error: Firebase ID token has expired. Get a fresh ID token from your client app and try again (auth/id-token-expired). See https://firebase.google.com/docs/auth/admin/verify-id-tokens for details on how to retrieve an ID token.","timestamp":"2025-03-23T20:20:41.309Z"}
{"level":"error","message":"Authentication error: Firebase ID token has expired. Get a fresh ID token from your client app and try again (auth/id-token-expired). See https://firebase.google.com/docs/auth/admin/verify-id-tokens for details on how to retrieve an ID token.","timestamp":"2025-03-23T20:20:41.423Z"}
{"level":"warn","message":"No token provided","timestamp":"2025-03-23T20:42:29.156Z"}
{"level":"warn","message":"No token provided","timestamp":"2025-03-23T20:42:29.359Z"}
{"level":"error","message":"Authentication error: Decoding Firebase ID token failed. Make sure you passed the entire string JWT which represents an ID token. See https://firebase.google.com/docs/auth/admin/verify-id-tokens for details on how to retrieve an ID token.","timestamp":"2025-03-23T21:06:47.273Z"}
{"level":"info","message":"✅ Firebase Admin SDK initialized successfully.","timestamp":"2025-03-23T21:17:35.624Z"}
{"level":"info","message":"✅ Firebase Admin SDK initialized successfully.","timestamp":"2025-03-23T21:21:48.546Z"}
{"level":"info","message":"✅ Firebase Admin SDK initialized successfully.","timestamp":"2025-03-23T21:22:04.334Z"}
{"level":"info","message":"✅ Firebase Admin SDK initialized successfully.","timestamp":"2025-03-23T21:22:13.706Z"}
{"level":"info","message":"✅ Firebase Admin SDK initialized successfully.","timestamp":"2025-03-23T21:22:22.965Z"}
{"level":"info","message":"✅ Firebase Admin SDK initialized successfully.","timestamp":"2025-03-23T21:36:01.250Z"}
{"level":"warn","message":"No token provided","timestamp":"2025-03-23T21:36:11.573Z"}
{"level":"warn","message":"No token provided","timestamp":"2025-03-23T21:36:14.339Z"}
{"level":"info","message":"✅ Firebase Admin SDK initialized successfully.","timestamp":"2025-03-23T21:44:25.133Z"}
{"level":"info","message":"✅ Firebase Admin SDK initialized successfully.","timestamp":"2025-03-23T21:44:52.102Z"}
{"level":"info","message":"✅ Firebase Admin SDK initialized successfully.","timestamp":"2025-03-23T21:45:11.298Z"}
{"level":"info","message":"✅ Firebase Admin SDK initialized successfully.","timestamp":"2025-03-23T21:45:26.345Z"}
{"level":"info","message":"✅ Firebase Admin SDK initialized successfully.","timestamp":"2025-03-23T21:45:34.692Z"}
{"level":"info","message":"✅ Firebase Admin SDK initialized successfully.","timestamp":"2025-03-23T21:46:43.167Z"}
{"level":"info","message":"✅ Firebase Admin SDK initialized successfully.","timestamp":"2025-03-23T21:47:06.647Z"}
{"level":"info","message":"✅ Firebase Admin SDK initialized successfully.","timestamp":"2025-03-23T21:47:44.700Z"}
{"level":"info","message":"✅ Firebase Admin SDK initialized successfully.","timestamp":"2025-03-23T21:49:47.768Z"}
{"level":"info","message":"✅ Firebase Admin SDK initialized successfully.","timestamp":"2025-03-23T21:53:57.810Z"}
{"level":"info","message":"✅ Firebase Admin SDK initialized successfully.","timestamp":"2025-03-23T21:54:18.679Z"}
{"level":"info","message":"✅ Firebase Admin SDK initialized successfully.","timestamp":"2025-03-23T21:54:49.579Z"}
{"level":"info","message":"✅ Firebase Admin SDK initialized successfully.","timestamp":"2025-03-23T21:54:53.282Z"}
